<?xml version="1.0" encoding="UTF-8"?>
<testng-results ignored="0" total="36" passed="36" failed="0" skipped="0">
  <reporter-output>
  </reporter-output>
  <suite started-at="2022-05-05T12:39:13 IST" name="Default suite" finished-at="2022-05-05T12:41:22 IST" duration-ms="129189">
    <groups>
    </groups>
    <test started-at="2022-05-05T12:39:13 IST" name="Default test" finished-at="2022-05-05T12:41:22 IST" duration-ms="129189">
      <class name="Tests.KB_Flow">
        <test-method is-config="true" signature="openBrowser()[pri:0, instance:Tests.KB_Flow@368247b9]" started-at="2022-05-05T12:39:13 IST" name="openBrowser" finished-at="2022-05-05T12:39:26 IST" duration-ms="12708" status="PASS">
          <reporter-output>
          </reporter-output>
        </test-method> <!-- openBrowser -->
        <test-method signature="checkbox()[pri:0, instance:Tests.KB_Flow@368247b9]" started-at="2022-05-05T12:39:26 IST" name="checkbox" finished-at="2022-05-05T12:39:29 IST" duration-ms="2522" status="PASS">
          <reporter-output>
          </reporter-output>
        </test-method> <!-- checkbox -->
        <test-method signature="personalInformationScripts(java.lang.String,java.lang.String)[pri:0, instance:Tests.KB_Flow@368247b9]" started-at="2022-05-05T12:39:31 IST" name="personalInformationScripts" data-provider="PI" finished-at="2022-05-05T12:39:32 IST" depends-on-methods="Tests.KB_Flow.checkbox" duration-ms="1802" status="PASS">
          <params>
            <param index="0">
              <value>
                <![CDATA[0123]]>
              </value>
            </param>
            <param index="1">
              <value>
                <![CDATA[08123]]>
              </value>
            </param>
          </params>
          <reporter-output>
          </reporter-output>
        </test-method> <!-- personalInformationScripts -->
        <test-method signature="personalInformationScripts(java.lang.String,java.lang.String)[pri:0, instance:Tests.KB_Flow@368247b9]" started-at="2022-05-05T12:39:32 IST" name="personalInformationScripts" data-provider="PI" finished-at="2022-05-05T12:39:34 IST" depends-on-methods="Tests.KB_Flow.checkbox" duration-ms="1539" status="PASS">
          <params>
            <param index="0">
              <value>
                <![CDATA[Karthik]]>
              </value>
            </param>
            <param index="1">
              <value>
                <![CDATA[12!]]>
              </value>
            </param>
          </params>
          <reporter-output>
          </reporter-output>
        </test-method> <!-- personalInformationScripts -->
        <test-method signature="personalInformationScripts(java.lang.String,java.lang.String)[pri:0, instance:Tests.KB_Flow@368247b9]" started-at="2022-05-05T12:39:34 IST" name="personalInformationScripts" data-provider="PI" finished-at="2022-05-05T12:39:36 IST" depends-on-methods="Tests.KB_Flow.checkbox" duration-ms="1610" status="PASS">
          <params>
            <param index="0">
              <value>
                <![CDATA[123!@#]]>
              </value>
            </param>
            <param index="1">
              <value>
                <![CDATA[Karthi@qwe]]>
              </value>
            </param>
          </params>
          <reporter-output>
          </reporter-output>
        </test-method> <!-- personalInformationScripts -->
        <test-method signature="personalInformationScripts(java.lang.String,java.lang.String)[pri:0, instance:Tests.KB_Flow@368247b9]" started-at="2022-05-05T12:39:36 IST" name="personalInformationScripts" data-provider="PI" finished-at="2022-05-05T12:39:37 IST" depends-on-methods="Tests.KB_Flow.checkbox" duration-ms="1576" status="PASS">
          <params>
            <param index="0">
              <value>
                <![CDATA[Karthik()()]]>
              </value>
            </param>
            <param index="1">
              <value>
                <![CDATA[Karthi@gmail]]>
              </value>
            </param>
          </params>
          <reporter-output>
          </reporter-output>
        </test-method> <!-- personalInformationScripts -->
        <test-method signature="personalInformationScripts(java.lang.String,java.lang.String)[pri:0, instance:Tests.KB_Flow@368247b9]" started-at="2022-05-05T12:39:37 IST" name="personalInformationScripts" data-provider="PI" finished-at="2022-05-05T12:39:39 IST" depends-on-methods="Tests.KB_Flow.checkbox" duration-ms="1596" status="PASS">
          <params>
            <param index="0">
              <value>
                <![CDATA[Karthik raj t]]>
              </value>
            </param>
            <param index="1">
              <value>
                <![CDATA[karthirajgowda@gmail.com]]>
              </value>
            </param>
          </params>
          <reporter-output>
          </reporter-output>
        </test-method> <!-- personalInformationScripts -->
        <test-method signature="phoneNumberVerification()[pri:0, instance:Tests.KB_Flow@368247b9]" started-at="2022-05-05T12:39:39 IST" name="phoneNumberVerification" finished-at="2022-05-05T12:39:39 IST" depends-on-methods="Tests.KB_Flow.personalInformationScripts" duration-ms="267" status="PASS">
          <reporter-output>
          </reporter-output>
        </test-method> <!-- phoneNumberVerification -->
        <test-method signature="phoneNumberVerificationOTP()[pri:0, instance:Tests.KB_Flow@368247b9]" started-at="2022-05-05T12:39:39 IST" name="phoneNumberVerificationOTP" finished-at="2022-05-05T12:39:42 IST" depends-on-methods="Tests.KB_Flow.phoneNumberVerification" duration-ms="3089" status="PASS">
          <reporter-output>
          </reporter-output>
        </test-method> <!-- phoneNumberVerificationOTP -->
        <test-method signature="basicDetailsRadio()[pri:0, instance:Tests.KB_Flow@368247b9]" started-at="2022-05-05T12:39:42 IST" name="basicDetailsRadio" finished-at="2022-05-05T12:39:46 IST" depends-on-methods="Tests.KB_Flow.phoneNumberVerificationOTP" duration-ms="4330" status="PASS">
          <reporter-output>
          </reporter-output>
        </test-method> <!-- basicDetailsRadio -->
        <test-method signature="basicDetails(java.lang.String,java.lang.String,java.lang.String,java.lang.String,java.lang.String)[pri:0, instance:Tests.KB_Flow@368247b9]" started-at="2022-05-05T12:39:47 IST" name="basicDetails" data-provider="BD" finished-at="2022-05-05T12:39:49 IST" depends-on-methods="Tests.KB_Flow.basicDetailsRadio" duration-ms="2191" status="PASS">
          <params>
            <param index="0">
              <value>
                <![CDATA[Duopk4809]]>
              </value>
            </param>
            <param index="1">
              <value>
                <![CDATA[09]]>
              </value>
            </param>
            <param index="2">
              <value>
                <![CDATA[08]]>
              </value>
            </param>
            <param index="3">
              <value>
                <![CDATA[19]]>
              </value>
            </param>
            <param index="4">
              <value>
                <![CDATA[573201]]>
              </value>
            </param>
          </params>
          <reporter-output>
          </reporter-output>
        </test-method> <!-- basicDetails -->
        <test-method signature="basicDetails(java.lang.String,java.lang.String,java.lang.String,java.lang.String,java.lang.String)[pri:0, instance:Tests.KB_Flow@368247b9]" started-at="2022-05-05T12:39:49 IST" name="basicDetails" data-provider="BD" finished-at="2022-05-05T12:39:51 IST" depends-on-methods="Tests.KB_Flow.basicDetailsRadio" duration-ms="1981" status="PASS">
          <params>
            <param index="0">
              <value>
                <![CDATA[Duopk4809q]]>
              </value>
            </param>
            <param index="1">
              <value>
                <![CDATA[09]]>
              </value>
            </param>
            <param index="2">
              <value>
                <![CDATA[08]]>
              </value>
            </param>
            <param index="3">
              <value>
                <![CDATA[1996]]>
              </value>
            </param>
            <param index="4">
              <value>
                <![CDATA[57]]>
              </value>
            </param>
          </params>
          <reporter-output>
          </reporter-output>
        </test-method> <!-- basicDetails -->
        <test-method signature="basicDetails(java.lang.String,java.lang.String,java.lang.String,java.lang.String,java.lang.String)[pri:0, instance:Tests.KB_Flow@368247b9]" started-at="2022-05-05T12:39:51 IST" name="basicDetails" data-provider="BD" finished-at="2022-05-05T12:39:53 IST" depends-on-methods="Tests.KB_Flow.basicDetailsRadio" duration-ms="2043" status="PASS">
          <params>
            <param index="0">
              <value>
                <![CDATA[Duopk4809]]>
              </value>
            </param>
            <param index="1">
              <value>
                <![CDATA[09]]>
              </value>
            </param>
            <param index="2">
              <value>
                <![CDATA[08]]>
              </value>
            </param>
            <param index="3">
              <value>
                <![CDATA[1996]]>
              </value>
            </param>
            <param index="4">
              <value>
                <![CDATA[573201]]>
              </value>
            </param>
          </params>
          <reporter-output>
          </reporter-output>
        </test-method> <!-- basicDetails -->
        <test-method signature="basicDetails(java.lang.String,java.lang.String,java.lang.String,java.lang.String,java.lang.String)[pri:0, instance:Tests.KB_Flow@368247b9]" started-at="2022-05-05T12:39:53 IST" name="basicDetails" data-provider="BD" finished-at="2022-05-05T12:39:55 IST" depends-on-methods="Tests.KB_Flow.basicDetailsRadio" duration-ms="2027" status="PASS">
          <params>
            <param index="0">
              <value>
                <![CDATA[DUOPK4809Q]]>
              </value>
            </param>
            <param index="1">
              <value>
                <![CDATA[09]]>
              </value>
            </param>
            <param index="2">
              <value>
                <![CDATA[08]]>
              </value>
            </param>
            <param index="3">
              <value>
                <![CDATA[1996]]>
              </value>
            </param>
            <param index="4">
              <value>
                <![CDATA[573201]]>
              </value>
            </param>
          </params>
          <reporter-output>
          </reporter-output>
        </test-method> <!-- basicDetails -->
        <test-method signature="loanEligibility()[pri:0, instance:Tests.KB_Flow@368247b9]" started-at="2022-05-05T12:39:55 IST" name="loanEligibility" finished-at="2022-05-05T12:40:06 IST" depends-on-methods="Tests.KB_Flow.basicDetails" duration-ms="11067" status="PASS">
          <reporter-output>
          </reporter-output>
        </test-method> <!-- loanEligibility -->
        <test-method signature="loanOffer1(java.lang.String)[pri:0, instance:Tests.KB_Flow@368247b9]" started-at="2022-05-05T12:40:07 IST" name="loanOffer1" data-provider="LoanAmount" finished-at="2022-05-05T12:40:08 IST" depends-on-methods="Tests.KB_Flow.loanEligibility" duration-ms="776" status="PASS">
          <params>
            <param index="0">
              <value>
                <![CDATA[250000]]>
              </value>
            </param>
          </params>
          <reporter-output>
          </reporter-output>
        </test-method> <!-- loanOffer1 -->
        <test-method signature="loanOffer1(java.lang.String)[pri:0, instance:Tests.KB_Flow@368247b9]" started-at="2022-05-05T12:40:08 IST" name="loanOffer1" data-provider="LoanAmount" finished-at="2022-05-05T12:40:09 IST" depends-on-methods="Tests.KB_Flow.loanEligibility" duration-ms="588" status="PASS">
          <params>
            <param index="0">
              <value>
                <![CDATA[241941]]>
              </value>
            </param>
          </params>
          <reporter-output>
          </reporter-output>
        </test-method> <!-- loanOffer1 -->
        <test-method signature="loanOffer1(java.lang.String)[pri:0, instance:Tests.KB_Flow@368247b9]" started-at="2022-05-05T12:40:09 IST" name="loanOffer1" data-provider="LoanAmount" finished-at="2022-05-05T12:40:09 IST" depends-on-methods="Tests.KB_Flow.loanEligibility" duration-ms="596" status="PASS">
          <params>
            <param index="0">
              <value>
                <![CDATA[241940]]>
              </value>
            </param>
          </params>
          <reporter-output>
          </reporter-output>
        </test-method> <!-- loanOffer1 -->
        <test-method signature="loanOffer1(java.lang.String)[pri:0, instance:Tests.KB_Flow@368247b9]" started-at="2022-05-05T12:40:09 IST" name="loanOffer1" data-provider="LoanAmount" finished-at="2022-05-05T12:40:10 IST" depends-on-methods="Tests.KB_Flow.loanEligibility" duration-ms="584" status="PASS">
          <params>
            <param index="0">
              <value>
                <![CDATA[133932]]>
              </value>
            </param>
          </params>
          <reporter-output>
          </reporter-output>
        </test-method> <!-- loanOffer1 -->
        <test-method signature="loanOffer1(java.lang.String)[pri:0, instance:Tests.KB_Flow@368247b9]" started-at="2022-05-05T12:40:10 IST" name="loanOffer1" data-provider="LoanAmount" finished-at="2022-05-05T12:40:10 IST" depends-on-methods="Tests.KB_Flow.loanEligibility" duration-ms="634" status="PASS">
          <params>
            <param index="0">
              <value>
                <![CDATA[133931]]>
              </value>
            </param>
          </params>
          <reporter-output>
          </reporter-output>
        </test-method> <!-- loanOffer1 -->
        <test-method signature="loanOffer1(java.lang.String)[pri:0, instance:Tests.KB_Flow@368247b9]" started-at="2022-05-05T12:40:10 IST" name="loanOffer1" data-provider="LoanAmount" finished-at="2022-05-05T12:40:11 IST" depends-on-methods="Tests.KB_Flow.loanEligibility" duration-ms="622" status="PASS">
          <params>
            <param index="0">
              <value>
                <![CDATA[70757]]>
              </value>
            </param>
          </params>
          <reporter-output>
          </reporter-output>
        </test-method> <!-- loanOffer1 -->
        <test-method signature="loanOffer1(java.lang.String)[pri:0, instance:Tests.KB_Flow@368247b9]" started-at="2022-05-05T12:40:11 IST" name="loanOffer1" data-provider="LoanAmount" finished-at="2022-05-05T12:40:12 IST" depends-on-methods="Tests.KB_Flow.loanEligibility" duration-ms="637" status="PASS">
          <params>
            <param index="0">
              <value>
                <![CDATA[70756]]>
              </value>
            </param>
          </params>
          <reporter-output>
          </reporter-output>
        </test-method> <!-- loanOffer1 -->
        <test-method signature="loanOffer1(java.lang.String)[pri:0, instance:Tests.KB_Flow@368247b9]" started-at="2022-05-05T12:40:12 IST" name="loanOffer1" data-provider="LoanAmount" finished-at="2022-05-05T12:40:12 IST" depends-on-methods="Tests.KB_Flow.loanEligibility" duration-ms="589" status="PASS">
          <params>
            <param index="0">
              <value>
                <![CDATA[25000]]>
              </value>
            </param>
          </params>
          <reporter-output>
          </reporter-output>
        </test-method> <!-- loanOffer1 -->
        <test-method signature="loanOffer2()[pri:0, instance:Tests.KB_Flow@368247b9]" started-at="2022-05-05T12:40:12 IST" name="loanOffer2" finished-at="2022-05-05T12:40:14 IST" depends-on-methods="Tests.KB_Flow.loanOffer1" duration-ms="1915" status="PASS">
          <reporter-output>
          </reporter-output>
        </test-method> <!-- loanOffer2 -->
        <test-method signature="businessDetails(java.lang.String,java.lang.String)[pri:0, instance:Tests.KB_Flow@368247b9]" started-at="2022-05-05T12:40:15 IST" name="businessDetails" data-provider="businessDetailspage" finished-at="2022-05-05T12:40:17 IST" depends-on-methods="Tests.KB_Flow.loanOffer2" duration-ms="1668" status="PASS">
          <params>
            <param index="0">
              <value>
                <![CDATA[Parth Bhandari]]>
              </value>
            </param>
            <param index="1">
              <value>
                <![CDATA[12345]]>
              </value>
            </param>
          </params>
          <reporter-output>
          </reporter-output>
        </test-method> <!-- businessDetails -->
        <test-method signature="businessDetails(java.lang.String,java.lang.String)[pri:0, instance:Tests.KB_Flow@368247b9]" started-at="2022-05-05T12:40:17 IST" name="businessDetails" data-provider="businessDetailspage" finished-at="2022-05-05T12:40:18 IST" depends-on-methods="Tests.KB_Flow.loanOffer2" duration-ms="1595" status="PASS">
          <params>
            <param index="0">
              <value>
                <![CDATA[Parth Bhandari]]>
              </value>
            </param>
            <param index="1">
              <value>
                <![CDATA[asddf]]>
              </value>
            </param>
          </params>
          <reporter-output>
          </reporter-output>
        </test-method> <!-- businessDetails -->
        <test-method signature="businessDetails(java.lang.String,java.lang.String)[pri:0, instance:Tests.KB_Flow@368247b9]" started-at="2022-05-05T12:40:18 IST" name="businessDetails" data-provider="businessDetailspage" finished-at="2022-05-05T12:40:20 IST" depends-on-methods="Tests.KB_Flow.loanOffer2" duration-ms="1564" status="PASS">
          <params>
            <param index="0">
              <value>
                <![CDATA[Parth Bhandari]]>
              </value>
            </param>
            <param index="1">
              <value>
                <![CDATA[45bqgpm6876m4h]]>
              </value>
            </param>
          </params>
          <reporter-output>
          </reporter-output>
        </test-method> <!-- businessDetails -->
        <test-method signature="businessDetails(java.lang.String,java.lang.String)[pri:0, instance:Tests.KB_Flow@368247b9]" started-at="2022-05-05T12:40:20 IST" name="businessDetails" data-provider="businessDetailspage" finished-at="2022-05-05T12:40:21 IST" depends-on-methods="Tests.KB_Flow.loanOffer2" duration-ms="1555" status="PASS">
          <params>
            <param index="0">
              <value>
                <![CDATA[Parth Bhandari]]>
              </value>
            </param>
            <param index="1">
              <value>
                <![CDATA[45bqgpm6876m4h6]]>
              </value>
            </param>
          </params>
          <reporter-output>
          </reporter-output>
        </test-method> <!-- businessDetails -->
        <test-method signature="personalDetails(java.lang.String)[pri:0, instance:Tests.KB_Flow@368247b9]" started-at="2022-05-05T12:40:22 IST" name="personalDetails" data-provider="personalDetailspage" finished-at="2022-05-05T12:40:23 IST" depends-on-methods="Tests.KB_Flow.businessDetails" duration-ms="1335" status="PASS">
          <params>
            <param index="0">
              <value>
                <![CDATA[TH]]>
              </value>
            </param>
          </params>
          <reporter-output>
          </reporter-output>
        </test-method> <!-- personalDetails -->
        <test-method signature="personalDetails(java.lang.String)[pri:0, instance:Tests.KB_Flow@368247b9]" started-at="2022-05-05T12:40:23 IST" name="personalDetails" data-provider="personalDetailspage" finished-at="2022-05-05T12:40:25 IST" depends-on-methods="Tests.KB_Flow.businessDetails" duration-ms="1310" status="PASS">
          <params>
            <param index="0">
              <value>
                <![CDATA[THIR]]>
              </value>
            </param>
          </params>
          <reporter-output>
          </reporter-output>
        </test-method> <!-- personalDetails -->
        <test-method signature="personalDetails(java.lang.String)[pri:0, instance:Tests.KB_Flow@368247b9]" started-at="2022-05-05T12:40:25 IST" name="personalDetails" data-provider="personalDetailspage" finished-at="2022-05-05T12:40:26 IST" depends-on-methods="Tests.KB_Flow.businessDetails" duration-ms="1414" status="PASS">
          <params>
            <param index="0">
              <value>
                <![CDATA[THIRUMALE GOWDA H K]]>
              </value>
            </param>
          </params>
          <reporter-output>
          </reporter-output>
        </test-method> <!-- personalDetails -->
        <test-method signature="documentsForKYC()[pri:0, instance:Tests.KB_Flow@368247b9]" started-at="2022-05-05T12:40:26 IST" name="documentsForKYC" finished-at="2022-05-05T12:40:26 IST" depends-on-methods="Tests.KB_Flow.personalDetails" duration-ms="219" status="PASS">
          <reporter-output>
          </reporter-output>
        </test-method> <!-- documentsForKYC -->
        <test-method signature="uploadSelfie()[pri:0, instance:Tests.KB_Flow@368247b9]" started-at="2022-05-05T12:40:26 IST" name="uploadSelfie" finished-at="2022-05-05T12:40:37 IST" depends-on-methods="Tests.KB_Flow.documentsForKYC" duration-ms="11044" status="PASS">
          <reporter-output>
          </reporter-output>
        </test-method> <!-- uploadSelfie -->
        <test-method signature="uploadAadhaar()[pri:0, instance:Tests.KB_Flow@368247b9]" started-at="2022-05-05T12:40:37 IST" name="uploadAadhaar" finished-at="2022-05-05T12:40:58 IST" depends-on-methods="Tests.KB_Flow.uploadSelfie" duration-ms="20448" status="PASS">
          <reporter-output>
          </reporter-output>
        </test-method> <!-- uploadAadhaar -->
        <test-method signature="verifyAddress()[pri:0, instance:Tests.KB_Flow@368247b9]" started-at="2022-05-05T12:40:58 IST" name="verifyAddress" finished-at="2022-05-05T12:41:18 IST" depends-on-methods="Tests.KB_Flow.uploadAadhaar" duration-ms="19860" status="PASS">
          <reporter-output>
          </reporter-output>
        </test-method> <!-- verifyAddress -->
        <test-method signature="loanEligibilityAcceptLoanOffer()[pri:0, instance:Tests.KB_Flow@368247b9]" started-at="2022-05-05T12:41:18 IST" name="loanEligibilityAcceptLoanOffer" finished-at="2022-05-05T12:41:22 IST" depends-on-methods="Tests.KB_Flow.verifyAddress" duration-ms="3992" status="PASS">
          <reporter-output>
          </reporter-output>
        </test-method> <!-- loanEligibilityAcceptLoanOffer -->
        <test-method signature="youveGotALoanOf()[pri:0, instance:Tests.KB_Flow@368247b9]" started-at="2022-05-05T12:41:22 IST" name="youveGotALoanOf" finished-at="2022-05-05T12:41:22 IST" depends-on-methods="Tests.KB_Flow.loanEligibilityAcceptLoanOffer" duration-ms="778" status="PASS">
          <reporter-output>
          </reporter-output>
        </test-method> <!-- youveGotALoanOf -->
      </class> <!-- Tests.KB_Flow -->
    </test> <!-- Default test -->
  </suite> <!-- Default suite -->
</testng-results>
