<?xml version="1.0" encoding="UTF-8"?>
<testng-results ignored="0" total="23" passed="21" failed="1" skipped="1">
  <reporter-output>
  </reporter-output>
  <suite started-at="2022-04-26T18:49:29 IST" name="Default suite" finished-at="2022-04-26T18:51:15 IST" duration-ms="105891">
    <groups>
    </groups>
    <test started-at="2022-04-26T18:49:29 IST" name="Default test" finished-at="2022-04-26T18:51:15 IST" duration-ms="105891">
      <class name="Tests.KB_Flow">
        <test-method is-config="true" signature="openBrowser()[pri:0, instance:Tests.KB_Flow@1c7696c6]" started-at="2022-04-26T18:49:29 IST" name="openBrowser" finished-at="2022-04-26T18:49:35 IST" duration-ms="5837" status="PASS">
          <reporter-output>
          </reporter-output>
        </test-method> <!-- openBrowser -->
        <test-method signature="checkbox()[pri:0, instance:Tests.KB_Flow@1c7696c6]" started-at="2022-04-26T18:49:35 IST" name="checkbox" finished-at="2022-04-26T18:49:38 IST" duration-ms="2458" status="PASS">
          <reporter-output>
          </reporter-output>
        </test-method> <!-- checkbox -->
        <test-method signature="personalInformationScripts(java.lang.String,java.lang.String)[pri:0, instance:Tests.KB_Flow@1c7696c6]" started-at="2022-04-26T18:49:39 IST" name="personalInformationScripts" data-provider="PI" finished-at="2022-04-26T18:49:40 IST" depends-on-methods="Tests.KB_Flow.checkbox" duration-ms="1288" status="PASS">
          <params>
            <param index="0">
              <value>
                <![CDATA[0123]]>
              </value>
            </param>
            <param index="1">
              <value>
                <![CDATA[08123]]>
              </value>
            </param>
          </params>
          <reporter-output>
          </reporter-output>
        </test-method> <!-- personalInformationScripts -->
        <test-method signature="personalInformationScripts(java.lang.String,java.lang.String)[pri:0, instance:Tests.KB_Flow@1c7696c6]" started-at="2022-04-26T18:49:40 IST" name="personalInformationScripts" data-provider="PI" finished-at="2022-04-26T18:49:41 IST" depends-on-methods="Tests.KB_Flow.checkbox" duration-ms="1201" status="PASS">
          <params>
            <param index="0">
              <value>
                <![CDATA[Karthik]]>
              </value>
            </param>
            <param index="1">
              <value>
                <![CDATA[12!]]>
              </value>
            </param>
          </params>
          <reporter-output>
          </reporter-output>
        </test-method> <!-- personalInformationScripts -->
        <test-method signature="personalInformationScripts(java.lang.String,java.lang.String)[pri:0, instance:Tests.KB_Flow@1c7696c6]" started-at="2022-04-26T18:49:41 IST" name="personalInformationScripts" data-provider="PI" finished-at="2022-04-26T18:49:42 IST" depends-on-methods="Tests.KB_Flow.checkbox" duration-ms="1182" status="PASS">
          <params>
            <param index="0">
              <value>
                <![CDATA[123!@#]]>
              </value>
            </param>
            <param index="1">
              <value>
                <![CDATA[Karthi@qwe]]>
              </value>
            </param>
          </params>
          <reporter-output>
          </reporter-output>
        </test-method> <!-- personalInformationScripts -->
        <test-method signature="personalInformationScripts(java.lang.String,java.lang.String)[pri:0, instance:Tests.KB_Flow@1c7696c6]" started-at="2022-04-26T18:49:42 IST" name="personalInformationScripts" data-provider="PI" finished-at="2022-04-26T18:49:43 IST" depends-on-methods="Tests.KB_Flow.checkbox" duration-ms="1205" status="PASS">
          <params>
            <param index="0">
              <value>
                <![CDATA[Karthik()()]]>
              </value>
            </param>
            <param index="1">
              <value>
                <![CDATA[Karthi@gmail]]>
              </value>
            </param>
          </params>
          <reporter-output>
          </reporter-output>
        </test-method> <!-- personalInformationScripts -->
        <test-method signature="personalInformationScripts(java.lang.String,java.lang.String)[pri:0, instance:Tests.KB_Flow@1c7696c6]" started-at="2022-04-26T18:49:43 IST" name="personalInformationScripts" data-provider="PI" finished-at="2022-04-26T18:49:45 IST" depends-on-methods="Tests.KB_Flow.checkbox" duration-ms="1199" status="PASS">
          <params>
            <param index="0">
              <value>
                <![CDATA[Karthik raj t]]>
              </value>
            </param>
            <param index="1">
              <value>
                <![CDATA[karthirajgowda@gmail.com]]>
              </value>
            </param>
          </params>
          <reporter-output>
          </reporter-output>
        </test-method> <!-- personalInformationScripts -->
        <test-method signature="phoneNumberVerification()[pri:0, instance:Tests.KB_Flow@1c7696c6]" started-at="2022-04-26T18:49:45 IST" name="phoneNumberVerification" finished-at="2022-04-26T18:49:45 IST" depends-on-methods="Tests.KB_Flow.personalInformationScripts" duration-ms="53" status="PASS">
          <reporter-output>
          </reporter-output>
        </test-method> <!-- phoneNumberVerification -->
        <test-method signature="phoneNumberVerificationOTP()[pri:0, instance:Tests.KB_Flow@1c7696c6]" started-at="2022-04-26T18:49:45 IST" name="phoneNumberVerificationOTP" finished-at="2022-04-26T18:49:46 IST" depends-on-methods="Tests.KB_Flow.phoneNumberVerification" duration-ms="1648" status="PASS">
          <reporter-output>
          </reporter-output>
        </test-method> <!-- phoneNumberVerificationOTP -->
        <test-method signature="basicDetailsRadio()[pri:0, instance:Tests.KB_Flow@1c7696c6]" started-at="2022-04-26T18:49:46 IST" name="basicDetailsRadio" finished-at="2022-04-26T18:49:50 IST" depends-on-methods="Tests.KB_Flow.phoneNumberVerificationOTP" duration-ms="3511" status="PASS">
          <reporter-output>
          </reporter-output>
        </test-method> <!-- basicDetailsRadio -->
        <test-method signature="basicDetails(java.lang.String,java.lang.String,java.lang.String,java.lang.String,java.lang.String)[pri:0, instance:Tests.KB_Flow@1c7696c6]" started-at="2022-04-26T18:49:50 IST" name="basicDetails" data-provider="BD" finished-at="2022-04-26T18:49:51 IST" depends-on-methods="Tests.KB_Flow.basicDetailsRadio" duration-ms="1503" status="PASS">
          <params>
            <param index="0">
              <value>
                <![CDATA[Duopk4809]]>
              </value>
            </param>
            <param index="1">
              <value>
                <![CDATA[09]]>
              </value>
            </param>
            <param index="2">
              <value>
                <![CDATA[08]]>
              </value>
            </param>
            <param index="3">
              <value>
                <![CDATA[19]]>
              </value>
            </param>
            <param index="4">
              <value>
                <![CDATA[573201]]>
              </value>
            </param>
          </params>
          <reporter-output>
          </reporter-output>
        </test-method> <!-- basicDetails -->
        <test-method signature="basicDetails(java.lang.String,java.lang.String,java.lang.String,java.lang.String,java.lang.String)[pri:0, instance:Tests.KB_Flow@1c7696c6]" started-at="2022-04-26T18:49:51 IST" name="basicDetails" data-provider="BD" finished-at="2022-04-26T18:49:53 IST" depends-on-methods="Tests.KB_Flow.basicDetailsRadio" duration-ms="1342" status="PASS">
          <params>
            <param index="0">
              <value>
                <![CDATA[Duopk4809q]]>
              </value>
            </param>
            <param index="1">
              <value>
                <![CDATA[09]]>
              </value>
            </param>
            <param index="2">
              <value>
                <![CDATA[08]]>
              </value>
            </param>
            <param index="3">
              <value>
                <![CDATA[1996]]>
              </value>
            </param>
            <param index="4">
              <value>
                <![CDATA[57]]>
              </value>
            </param>
          </params>
          <reporter-output>
          </reporter-output>
        </test-method> <!-- basicDetails -->
        <test-method signature="basicDetails(java.lang.String,java.lang.String,java.lang.String,java.lang.String,java.lang.String)[pri:0, instance:Tests.KB_Flow@1c7696c6]" started-at="2022-04-26T18:49:53 IST" name="basicDetails" data-provider="BD" finished-at="2022-04-26T18:49:54 IST" depends-on-methods="Tests.KB_Flow.basicDetailsRadio" duration-ms="1375" status="PASS">
          <params>
            <param index="0">
              <value>
                <![CDATA[Duopk4809]]>
              </value>
            </param>
            <param index="1">
              <value>
                <![CDATA[09]]>
              </value>
            </param>
            <param index="2">
              <value>
                <![CDATA[08]]>
              </value>
            </param>
            <param index="3">
              <value>
                <![CDATA[1996]]>
              </value>
            </param>
            <param index="4">
              <value>
                <![CDATA[573201]]>
              </value>
            </param>
          </params>
          <reporter-output>
          </reporter-output>
        </test-method> <!-- basicDetails -->
        <test-method signature="basicDetails(java.lang.String,java.lang.String,java.lang.String,java.lang.String,java.lang.String)[pri:0, instance:Tests.KB_Flow@1c7696c6]" started-at="2022-04-26T18:49:54 IST" name="basicDetails" data-provider="BD" finished-at="2022-04-26T18:49:56 IST" depends-on-methods="Tests.KB_Flow.basicDetailsRadio" duration-ms="1364" status="PASS">
          <params>
            <param index="0">
              <value>
                <![CDATA[DUOPK4809Q]]>
              </value>
            </param>
            <param index="1">
              <value>
                <![CDATA[09]]>
              </value>
            </param>
            <param index="2">
              <value>
                <![CDATA[08]]>
              </value>
            </param>
            <param index="3">
              <value>
                <![CDATA[1996]]>
              </value>
            </param>
            <param index="4">
              <value>
                <![CDATA[573201]]>
              </value>
            </param>
          </params>
          <reporter-output>
          </reporter-output>
        </test-method> <!-- basicDetails -->
        <test-method signature="loanEligibility()[pri:0, instance:Tests.KB_Flow@1c7696c6]" started-at="2022-04-26T18:49:56 IST" name="loanEligibility" finished-at="2022-04-26T18:50:09 IST" depends-on-methods="Tests.KB_Flow.basicDetails" duration-ms="13731" status="PASS">
          <reporter-output>
          </reporter-output>
        </test-method> <!-- loanEligibility -->
        <test-method signature="loanOffer()[pri:0, instance:Tests.KB_Flow@1c7696c6]" started-at="2022-04-26T18:50:09 IST" name="loanOffer" finished-at="2022-04-26T18:50:12 IST" depends-on-methods="Tests.KB_Flow.loanEligibility" duration-ms="2715" status="PASS">
          <reporter-output>
          </reporter-output>
        </test-method> <!-- loanOffer -->
        <test-method signature="businessDetails()[pri:0, instance:Tests.KB_Flow@1c7696c6]" started-at="2022-04-26T18:50:12 IST" name="businessDetails" finished-at="2022-04-26T18:50:14 IST" depends-on-methods="Tests.KB_Flow.loanOffer" duration-ms="2157" status="PASS">
          <reporter-output>
          </reporter-output>
        </test-method> <!-- businessDetails -->
        <test-method signature="personalDetails()[pri:0, instance:Tests.KB_Flow@1c7696c6]" started-at="2022-04-26T18:50:14 IST" name="personalDetails" finished-at="2022-04-26T18:50:17 IST" depends-on-methods="Tests.KB_Flow.businessDetails" duration-ms="3244" status="PASS">
          <reporter-output>
          </reporter-output>
        </test-method> <!-- personalDetails -->
        <test-method signature="documentsForKYC()[pri:0, instance:Tests.KB_Flow@1c7696c6]" started-at="2022-04-26T18:50:17 IST" name="documentsForKYC" finished-at="2022-04-26T18:50:19 IST" depends-on-methods="Tests.KB_Flow.personalDetails" duration-ms="2066" status="PASS">
          <reporter-output>
          </reporter-output>
        </test-method> <!-- documentsForKYC -->
        <test-method signature="uploadSelfie()[pri:0, instance:Tests.KB_Flow@1c7696c6]" started-at="2022-04-26T18:50:19 IST" name="uploadSelfie" finished-at="2022-04-26T18:50:32 IST" depends-on-methods="Tests.KB_Flow.documentsForKYC" duration-ms="12443" status="PASS">
          <reporter-output>
          </reporter-output>
        </test-method> <!-- uploadSelfie -->
        <test-method signature="uploadAadhaar()[pri:0, instance:Tests.KB_Flow@1c7696c6]" started-at="2022-04-26T18:50:32 IST" name="uploadAadhaar" finished-at="2022-04-26T18:50:49 IST" depends-on-methods="Tests.KB_Flow.uploadSelfie" duration-ms="16814" status="PASS">
          <reporter-output>
          </reporter-output>
        </test-method> <!-- uploadAadhaar -->
        <test-method signature="verifyAddress()[pri:0, instance:Tests.KB_Flow@1c7696c6]" started-at="2022-04-26T18:50:49 IST" name="verifyAddress" finished-at="2022-04-26T18:51:12 IST" depends-on-methods="Tests.KB_Flow.uploadAadhaar" duration-ms="23614" status="PASS">
          <reporter-output>
          </reporter-output>
        </test-method> <!-- verifyAddress -->
        <test-method signature="loanEligibilityAcceptLoanOffer()[pri:0, instance:Tests.KB_Flow@1c7696c6]" started-at="2022-04-26T18:51:12 IST" name="loanEligibilityAcceptLoanOffer" finished-at="2022-04-26T18:51:15 IST" depends-on-methods="Tests.KB_Flow.verifyAddress" duration-ms="3059" status="FAIL">
          <exception class="org.openqa.selenium.NoSuchElementException">
            <message>
              <![CDATA[no such element: Unable to locate element: {"method":"xpath","selector":"//span[text()="View Loan Offer"]"}
  (Session info: chrome=100.0.4896.127)
For documentation on this error, please visit: https://selenium.dev/exceptions/#no_such_element
Build info: version: '4.1.3', revision: '7b1ebf28ef'
System info: host: 'TYSS-KARTHIK', ip: '192.168.1.159', os.name: 'Windows 10', os.arch: 'amd64', os.version: '10.0', java.version: '17.0.2'
Driver info: org.openqa.selenium.chrome.ChromeDriver
Command: [031357660fbc23319af4f313cfcb50a3, findElement {using=xpath, value=//span[text()="View Loan Offer"]}]
Capabilities {acceptInsecureCerts: false, browserName: chrome, browserVersion: 100.0.4896.127, chrome: {chromedriverVersion: 99.0.4844.51 (d537ec02474b5..., userDataDir: C:\Users\user1\AppData\Loca...}, goog:chromeOptions: {debuggerAddress: localhost:61980}, javascriptEnabled: true, networkConnectionEnabled: false, pageLoadStrategy: normal, platform: WINDOWS, platformName: WINDOWS, proxy: Proxy(), se:cdp: ws://localhost:61980/devtoo..., se:cdpVersion: 100.0.4896.127, setWindowRect: true, strictFileInteractability: false, timeouts: {implicit: 0, pageLoad: 300000, script: 30000}, unhandledPromptBehavior: dismiss and notify, webauthn:extension:credBlob: true, webauthn:extension:largeBlob: true, webauthn:virtualAuthenticators: true}
Session ID: 031357660fbc23319af4f313cfcb50a3]]>
            </message>
            <full-stacktrace>
              <![CDATA[org.openqa.selenium.NoSuchElementException: no such element: Unable to locate element: {"method":"xpath","selector":"//span[text()="View Loan Offer"]"}
  (Session info: chrome=100.0.4896.127)
For documentation on this error, please visit: https://selenium.dev/exceptions/#no_such_element
Build info: version: '4.1.3', revision: '7b1ebf28ef'
System info: host: 'TYSS-KARTHIK', ip: '192.168.1.159', os.name: 'Windows 10', os.arch: 'amd64', os.version: '10.0', java.version: '17.0.2'
Driver info: org.openqa.selenium.chrome.ChromeDriver
Command: [031357660fbc23319af4f313cfcb50a3, findElement {using=xpath, value=//span[text()="View Loan Offer"]}]
Capabilities {acceptInsecureCerts: false, browserName: chrome, browserVersion: 100.0.4896.127, chrome: {chromedriverVersion: 99.0.4844.51 (d537ec02474b5..., userDataDir: C:\Users\user1\AppData\Loca...}, goog:chromeOptions: {debuggerAddress: localhost:61980}, javascriptEnabled: true, networkConnectionEnabled: false, pageLoadStrategy: normal, platform: WINDOWS, platformName: WINDOWS, proxy: Proxy(), se:cdp: ws://localhost:61980/devtoo..., se:cdpVersion: 100.0.4896.127, setWindowRect: true, strictFileInteractability: false, timeouts: {implicit: 0, pageLoad: 300000, script: 30000}, unhandledPromptBehavior: dismiss and notify, webauthn:extension:credBlob: true, webauthn:extension:largeBlob: true, webauthn:virtualAuthenticators: true}
Session ID: 031357660fbc23319af4f313cfcb50a3
at java.base/jdk.internal.reflect.NativeConstructorAccessorImpl.newInstance0(Native Method)
at java.base/jdk.internal.reflect.NativeConstructorAccessorImpl.newInstance(NativeConstructorAccessorImpl.java:77)
at java.base/jdk.internal.reflect.DelegatingConstructorAccessorImpl.newInstance(DelegatingConstructorAccessorImpl.java:45)
at java.base/java.lang.reflect.Constructor.newInstanceWithCaller(Constructor.java:499)
at java.base/java.lang.reflect.Constructor.newInstance(Constructor.java:480)
at org.openqa.selenium.remote.codec.w3c.W3CHttpResponseCodec.createException(W3CHttpResponseCodec.java:200)
at org.openqa.selenium.remote.codec.w3c.W3CHttpResponseCodec.decode(W3CHttpResponseCodec.java:133)
at org.openqa.selenium.remote.codec.w3c.W3CHttpResponseCodec.decode(W3CHttpResponseCodec.java:53)
at org.openqa.selenium.remote.HttpCommandExecutor.execute(HttpCommandExecutor.java:184)
at org.openqa.selenium.remote.service.DriverCommandExecutor.invokeExecute(DriverCommandExecutor.java:167)
at org.openqa.selenium.remote.service.DriverCommandExecutor.execute(DriverCommandExecutor.java:142)
at org.openqa.selenium.remote.RemoteWebDriver.execute(RemoteWebDriver.java:567)
at org.openqa.selenium.remote.ElementLocation$ElementFinder$2.findElement(ElementLocation.java:162)
at org.openqa.selenium.remote.ElementLocation.findElement(ElementLocation.java:60)
at org.openqa.selenium.remote.RemoteWebDriver.findElement(RemoteWebDriver.java:385)
at org.openqa.selenium.remote.RemoteWebDriver.findElement(RemoteWebDriver.java:377)
at org.openqa.selenium.support.pagefactory.DefaultElementLocator.findElement(DefaultElementLocator.java:70)
at org.openqa.selenium.support.pagefactory.internal.LocatingElementHandler.invoke(LocatingElementHandler.java:39)
at jdk.proxy2/jdk.proxy2.$Proxy24.click(Unknown Source)
at Generic.UtilityMethods.clickAction(UtilityMethods.java:149)
at Pages.Loan_Eligibility_AcceptLoanOffer_12.clickOnViewLoanOffer(Loan_Eligibility_AcceptLoanOffer_12.java:23)
at Tests.KB_Flow.loanEligibilityAcceptLoanOffer(KB_Flow.java:321)
at java.base/jdk.internal.reflect.NativeMethodAccessorImpl.invoke0(Native Method)
at java.base/jdk.internal.reflect.NativeMethodAccessorImpl.invoke(NativeMethodAccessorImpl.java:77)
at java.base/jdk.internal.reflect.DelegatingMethodAccessorImpl.invoke(DelegatingMethodAccessorImpl.java:43)
at java.base/java.lang.reflect.Method.invoke(Method.java:568)
at org.testng.internal.MethodInvocationHelper.invokeMethod(MethodInvocationHelper.java:133)
at org.testng.internal.TestInvoker.invokeMethod(TestInvoker.java:598)
at org.testng.internal.TestInvoker.invokeTestMethod(TestInvoker.java:173)
at org.testng.internal.MethodRunner.runInSequence(MethodRunner.java:46)
at org.testng.internal.TestInvoker$MethodInvocationAgent.invoke(TestInvoker.java:824)
at org.testng.internal.TestInvoker.invokeTestMethods(TestInvoker.java:146)
at org.testng.internal.TestMethodWorker.invokeTestMethods(TestMethodWorker.java:146)
at org.testng.internal.TestMethodWorker.run(TestMethodWorker.java:128)
at java.base/java.util.ArrayList.forEach(ArrayList.java:1511)
at org.testng.TestRunner.privateRun(TestRunner.java:794)
at org.testng.TestRunner.run(TestRunner.java:596)
at org.testng.SuiteRunner.runTest(SuiteRunner.java:377)
at org.testng.SuiteRunner.runSequentially(SuiteRunner.java:371)
at org.testng.SuiteRunner.privateRun(SuiteRunner.java:332)
at org.testng.SuiteRunner.run(SuiteRunner.java:276)
at org.testng.SuiteRunnerWorker.runSuite(SuiteRunnerWorker.java:53)
at org.testng.SuiteRunnerWorker.run(SuiteRunnerWorker.java:96)
at org.testng.TestNG.runSuitesSequentially(TestNG.java:1212)
at org.testng.TestNG.runSuitesLocally(TestNG.java:1134)
at org.testng.TestNG.runSuites(TestNG.java:1063)
at org.testng.TestNG.run(TestNG.java:1031)
at org.testng.remote.AbstractRemoteTestNG.run(AbstractRemoteTestNG.java:115)
at org.testng.remote.RemoteTestNG.initAndRun(RemoteTestNG.java:251)
at org.testng.remote.RemoteTestNG.main(RemoteTestNG.java:77)
]]>
            </full-stacktrace>
          </exception> <!-- org.openqa.selenium.NoSuchElementException -->
          <reporter-output>
          </reporter-output>
        </test-method> <!-- loanEligibilityAcceptLoanOffer -->
        <test-method signature="youveGotALoanOf()[pri:0, instance:Tests.KB_Flow@1c7696c6]" started-at="2022-04-26T18:51:15 IST" name="youveGotALoanOf" finished-at="2022-04-26T18:51:15 IST" depends-on-methods="Tests.KB_Flow.loanEligibilityAcceptLoanOffer" duration-ms="0" status="SKIP">
          <exception class="java.lang.Throwable">
            <message>
              <![CDATA[Method KB_Flow.youveGotALoanOf()[pri:0, instance:Tests.KB_Flow@1c7696c6] depends on not successfully finished methods]]>
            </message>
            <full-stacktrace>
              <![CDATA[java.lang.Throwable: Method KB_Flow.youveGotALoanOf()[pri:0, instance:Tests.KB_Flow@1c7696c6] depends on not successfully finished methods
at org.testng.internal.TestInvoker.invokeTestMethods(TestInvoker.java:102)
at org.testng.internal.TestMethodWorker.invokeTestMethods(TestMethodWorker.java:146)
at org.testng.internal.TestMethodWorker.run(TestMethodWorker.java:128)
at java.base/java.util.ArrayList.forEach(ArrayList.java:1511)
at org.testng.TestRunner.privateRun(TestRunner.java:794)
at org.testng.TestRunner.run(TestRunner.java:596)
at org.testng.SuiteRunner.runTest(SuiteRunner.java:377)
at org.testng.SuiteRunner.runSequentially(SuiteRunner.java:371)
at org.testng.SuiteRunner.privateRun(SuiteRunner.java:332)
at org.testng.SuiteRunner.run(SuiteRunner.java:276)
at org.testng.SuiteRunnerWorker.runSuite(SuiteRunnerWorker.java:53)
at org.testng.SuiteRunnerWorker.run(SuiteRunnerWorker.java:96)
at org.testng.TestNG.runSuitesSequentially(TestNG.java:1212)
at org.testng.TestNG.runSuitesLocally(TestNG.java:1134)
at org.testng.TestNG.runSuites(TestNG.java:1063)
at org.testng.TestNG.run(TestNG.java:1031)
at org.testng.remote.AbstractRemoteTestNG.run(AbstractRemoteTestNG.java:115)
at org.testng.remote.RemoteTestNG.initAndRun(RemoteTestNG.java:251)
at org.testng.remote.RemoteTestNG.main(RemoteTestNG.java:77)
]]>
            </full-stacktrace>
          </exception> <!-- java.lang.Throwable -->
          <reporter-output>
          </reporter-output>
        </test-method> <!-- youveGotALoanOf -->
      </class> <!-- Tests.KB_Flow -->
    </test> <!-- Default test -->
  </suite> <!-- Default suite -->
</testng-results>
