<?xml version="1.0" encoding="UTF-8"?>
<!-- Generated by org.testng.reporters.JUnitXMLReporter -->
<testsuite ignored="0" hostname="TYSS-Karthik" failures="0" tests="36" name="Default test" time="129.189" errors="0" timestamp="2022-05-05T12:41:23 IST">
  <testcase classname="Tests.KB_Flow" name="checkbox" time="2.522"/>
  <testcase classname="Tests.KB_Flow" name="personalInformationScripts" time="1.802"/>
  <testcase classname="Tests.KB_Flow" name="personalInformationScripts" time="1.539"/>
  <testcase classname="Tests.KB_Flow" name="personalInformationScripts" time="1.61"/>
  <testcase classname="Tests.KB_Flow" name="personalInformationScripts" time="1.576"/>
  <testcase classname="Tests.KB_Flow" name="personalInformationScripts" time="1.596"/>
  <testcase classname="Tests.KB_Flow" name="phoneNumberVerification" time="0.267"/>
  <testcase classname="Tests.KB_Flow" name="phoneNumberVerificationOTP" time="3.089"/>
  <testcase classname="Tests.KB_Flow" name="basicDetailsRadio" time="4.33"/>
  <testcase classname="Tests.KB_Flow" name="basicDetails" time="2.191"/>
  <testcase classname="Tests.KB_Flow" name="basicDetails" time="1.981"/>
  <testcase classname="Tests.KB_Flow" name="basicDetails" time="2.043"/>
  <testcase classname="Tests.KB_Flow" name="basicDetails" time="2.027"/>
  <testcase classname="Tests.KB_Flow" name="loanEligibility" time="11.067"/>
  <testcase classname="Tests.KB_Flow" name="loanOffer1" time="0.776"/>
  <testcase classname="Tests.KB_Flow" name="loanOffer1" time="0.588"/>
  <testcase classname="Tests.KB_Flow" name="loanOffer1" time="0.596"/>
  <testcase classname="Tests.KB_Flow" name="loanOffer1" time="0.584"/>
  <testcase classname="Tests.KB_Flow" name="loanOffer1" time="0.634"/>
  <testcase classname="Tests.KB_Flow" name="loanOffer1" time="0.622"/>
  <testcase classname="Tests.KB_Flow" name="loanOffer1" time="0.637"/>
  <testcase classname="Tests.KB_Flow" name="loanOffer1" time="0.589"/>
  <testcase classname="Tests.KB_Flow" name="loanOffer2" time="1.915"/>
  <testcase classname="Tests.KB_Flow" name="businessDetails" time="1.668"/>
  <testcase classname="Tests.KB_Flow" name="businessDetails" time="1.595"/>
  <testcase classname="Tests.KB_Flow" name="businessDetails" time="1.564"/>
  <testcase classname="Tests.KB_Flow" name="businessDetails" time="1.555"/>
  <testcase classname="Tests.KB_Flow" name="personalDetails" time="1.335"/>
  <testcase classname="Tests.KB_Flow" name="personalDetails" time="1.31"/>
  <testcase classname="Tests.KB_Flow" name="personalDetails" time="1.414"/>
  <testcase classname="Tests.KB_Flow" name="documentsForKYC" time="0.219"/>
  <testcase classname="Tests.KB_Flow" name="uploadSelfie" time="11.044"/>
  <testcase classname="Tests.KB_Flow" name="uploadAadhaar" time="20.448"/>
  <testcase classname="Tests.KB_Flow" name="verifyAddress" time="19.86"/>
  <testcase classname="Tests.KB_Flow" name="loanEligibilityAcceptLoanOffer" time="3.992"/>
  <testcase classname="Tests.KB_Flow" name="youveGotALoanOf" time="0.778"/>
</testsuite> <!-- Default test -->
